Hmm ... looks like a package

This is pdfTeX, Version 3.14159265-2.6-1.40.20 (TeX Live 2019) (preloaded format=pdflatex)
 restricted \write18 enabled.
entering extended mode
LaTeX2e <2020-02-02> patch level 5
L3 programming layer <2020-02-25>
(./Rd2.tex
(/Users/xiaonili/Library/TinyTeX/texmf-dist/tex/latex/base/book.cls
Document Class: book 2019/12/20 v1.4l Standard LaTeX document class
(/Users/xiaonili/Library/TinyTeX/texmf-dist/tex/latex/base/bk10.clo))
(/Library/Frameworks/R.framework/Resources/share/texmf/tex/latex/Rd.sty
(/Users/xiaonili/Library/TinyTeX/texmf-dist/tex/latex/base/ifthen.sty)
(/Users/xiaonili/Library/TinyTeX/texmf-dist/tex/latex/tools/longtable.sty)
(/Users/xiaonili/Library/TinyTeX/texmf-dist/tex/latex/tools/bm.sty)
(/Users/xiaonili/Library/TinyTeX/texmf-dist/tex/latex/base/alltt.sty)
(/Users/xiaonili/Library/TinyTeX/texmf-dist/tex/latex/tools/verbatim.sty)
(/Users/xiaonili/Library/TinyTeX/texmf-dist/tex/latex/url/url.sty)
(/Users/xiaonili/Library/TinyTeX/texmf-dist/tex/latex/base/textcomp.sty)
(/Users/xiaonili/Library/TinyTeX/texmf-dist/tex/latex/inconsolata/zi4.sty
`inconsolata-zi4' v1.12, 2019/05/17 Text macros for Inconsolata (msharpe)
(/Users/xiaonili/Library/TinyTeX/texmf-dist/tex/latex/xkeyval/xkeyval.sty
(/Users/xiaonili/Library/TinyTeX/texmf-dist/tex/generic/xkeyval/xkeyval.tex
(/Users/xiaonili/Library/TinyTeX/texmf-dist/tex/generic/xkeyval/xkvutils.tex
(/Users/xiaonili/Library/TinyTeX/texmf-dist/tex/generic/xkeyval/keyval.tex)))))
 (/Users/xiaonili/Library/TinyTeX/texmf-dist/tex/latex/graphics/color.sty
(/Users/xiaonili/Library/TinyTeX/texmf-dist/tex/latex/graphics-cfg/color.cfg)
(/Users/xiaonili/Library/TinyTeX/texmf-dist/tex/latex/graphics-def/pdftex.def))
 (/Users/xiaonili/Library/TinyTeX/texmf-dist/tex/latex/hyperref/hyperref.sty
(/Users/xiaonili/Library/TinyTeX/texmf-dist/tex/generic/ltxcmds/ltxcmds.sty)
(/Users/xiaonili/Library/TinyTeX/texmf-dist/tex/generic/iftex/iftex.sty)
(/Users/xiaonili/Library/TinyTeX/texmf-dist/tex/latex/pdftexcmds/pdftexcmds.sty

(/Users/xiaonili/Library/TinyTeX/texmf-dist/tex/generic/infwarerr/infwarerr.sty
))
(/Users/xiaonili/Library/TinyTeX/texmf-dist/tex/generic/kvsetkeys/kvsetkeys.sty
)
(/Users/xiaonili/Library/TinyTeX/texmf-dist/tex/generic/kvdefinekeys/kvdefineke
ys.sty)
(/Users/xiaonili/Library/TinyTeX/texmf-dist/tex/generic/pdfescape/pdfescape.sty
) (/Users/xiaonili/Library/TinyTeX/texmf-dist/tex/latex/hycolor/hycolor.sty)
(/Users/xiaonili/Library/TinyTeX/texmf-dist/tex/latex/letltxmacro/letltxmacro.s
ty) (/Users/xiaonili/Library/TinyTeX/texmf-dist/tex/latex/auxhook/auxhook.sty)
(/Users/xiaonili/Library/TinyTeX/texmf-dist/tex/latex/kvoptions/kvoptions.sty)
(/Users/xiaonili/Library/TinyTeX/texmf-dist/tex/latex/hyperref/pd1enc.def)
(/Users/xiaonili/Library/TinyTeX/texmf-dist/tex/generic/intcalc/intcalc.sty)
(/Users/xiaonili/Library/TinyTeX/texmf-dist/tex/generic/etexcmds/etexcmds.sty)
(/Users/xiaonili/Library/TinyTeX/texmf-dist/tex/generic/bitset/bitset.sty
(/Users/xiaonili/Library/TinyTeX/texmf-dist/tex/generic/bigintcalc/bigintcalc.s
ty))
(/Users/xiaonili/Library/TinyTeX/texmf-dist/tex/generic/atbegshi/atbegshi.sty))
(/Users/xiaonili/Library/TinyTeX/texmf-dist/tex/latex/hyperref/hpdftex.def
(/Users/xiaonili/Library/TinyTeX/texmf-dist/tex/latex/atveryend/atveryend.sty)
(/Users/xiaonili/Library/TinyTeX/texmf-dist/tex/latex/rerunfilecheck/rerunfilec
heck.sty
(/Users/xiaonili/Library/TinyTeX/texmf-dist/tex/generic/uniquecounter/uniquecou
nter.sty)))

Package hyperref Warning: Option `hyperindex' has already been used,
(hyperref)                setting the option has no effect on input line 377.


Package hyperref Warning: Option `pagebackref' has already been used,
(hyperref)                setting the option has no effect on input line 377.

) (/Users/xiaonili/Library/TinyTeX/texmf-dist/tex/latex/base/makeidx.sty)
(/Users/xiaonili/Library/TinyTeX/texmf-dist/tex/latex/base/inputenc.sty
(/Users/xiaonili/Library/TinyTeX/texmf-dist/tex/latex/base/latin1.def))
Writing index file Rd2.idx

(/Users/xiaonili/Library/TinyTeX/texmf-dist/tex/latex/l3backend/l3backend-pdfmo
de.def)
No file Rd2.aux.
(/Users/xiaonili/Library/TinyTeX/texmf-dist/tex/latex/hyperref/nameref.sty
(/Users/xiaonili/Library/TinyTeX/texmf-dist/tex/latex/refcount/refcount.sty)
(/Users/xiaonili/Library/TinyTeX/texmf-dist/tex/generic/gettitlestring/gettitle
string.sty))
(/Users/xiaonili/Library/TinyTeX/texmf-dist/tex/latex/inconsolata/ot1zi4.fd)

LaTeX Font Warning: Font shape `OML/zi4/m/n' undefined
(Font)              using `OML/cmm/m/it' instead
(Font)              for symbol `textless' on input line 21.

(/Users/xiaonili/Library/TinyTeX/texmf-dist/tex/latex/base/utf8.def) [1{/Users/
xiaonili/Library/TinyTeX/texmf-var/fonts/map/pdftex/updmap/pdftex.map}]
Overfull \hbox (1.41006pt too wide) in paragraph at lines 94--94
 []  \OT1/zi4/m/n/10 method = c("holm", "hochberg", "hommel", "bonferroni", "BH
", "BY", "fdr", "none")[] 
[2] (/Users/xiaonili/Library/TinyTeX/texmf-dist/tex/latex/inconsolata/ts1zi4.fd
) [3] [4]
No file Rd2.ind.
[5]
(/private/var/folders/6y/gk6jdqjs623698b4fpfdqjqm0000gn/T/RtmpIBMOEZ/Rd2pdf220c
641e28d8/Rd2.aux)

Package rerunfilecheck Warning: File `Rd2.out' has changed.
(rerunfilecheck)                Rerun to get outlines right
(rerunfilecheck)                or use package `bookmark'.


LaTeX Font Warning: Some font shapes were not available, defaults substituted.

 )
(see the transcript file for additional information)pdfTeX warning (dest): name
{Rfn.boxplot} has been referenced but does not exist, replaced by a fixed one

pdfTeX warning (dest): name{Rfn.p.adjust} has been referenced but does not exis
t, replaced by a fixed one

pdfTeX warning (dest): name{Rfn.state.region} has been referenced but does not 
exist, replaced by a fixed one

{/Users/xiaonili/Library/TinyTeX/texmf-dist/fonts/enc/dvips/inconsolata/i4-ts1.
enc}{/Users/xiaonili/Library/TinyTeX/texmf-dist/fonts/enc/dvips/inconsolata/i4-
ot1-0.enc}</Users/xiaonili/Library/TinyTeX/texmf-dist/fonts/type1/public/incons
olata/Inconsolata-zi4r.pfb></Users/xiaonili/Library/TinyTeX/texmf-dist/fonts/ty
pe1/public/amsfonts/cm/cmbx10.pfb></Users/xiaonili/Library/TinyTeX/texmf-dist/f
onts/type1/public/amsfonts/cm/cmbx12.pfb></Users/xiaonili/Library/TinyTeX/texmf
-dist/fonts/type1/public/amsfonts/cm/cmmi10.pfb></Users/xiaonili/Library/TinyTe
X/texmf-dist/fonts/type1/public/amsfonts/cm/cmr10.pfb></Users/xiaonili/Library/
TinyTeX/texmf-dist/fonts/type1/public/amsfonts/cm/cmr12.pfb></Users/xiaonili/Li
brary/TinyTeX/texmf-dist/fonts/type1/public/amsfonts/cm/cmsl10.pfb></Users/xiao
nili/Library/TinyTeX/texmf-dist/fonts/type1/public/amsfonts/cm/cmss12.pfb></Use
rs/xiaonili/Library/TinyTeX/texmf-dist/fonts/type1/public/amsfonts/cm/cmti10.pf
b>
Output written on Rd2.pdf (5 pages, 127146 bytes).
Transcript written on Rd2.log.
This is pdfTeX, Version 3.14159265-2.6-1.40.20 (TeX Live 2019) (preloaded format=pdflatex)
 restricted \write18 enabled.
entering extended mode
LaTeX2e <2020-02-02> patch level 5
L3 programming layer <2020-02-25>
(./Rd2.tex
(/Users/xiaonili/Library/TinyTeX/texmf-dist/tex/latex/base/book.cls
Document Class: book 2019/12/20 v1.4l Standard LaTeX document class
(/Users/xiaonili/Library/TinyTeX/texmf-dist/tex/latex/base/bk10.clo))
(/Library/Frameworks/R.framework/Resources/share/texmf/tex/latex/Rd.sty
(/Users/xiaonili/Library/TinyTeX/texmf-dist/tex/latex/base/ifthen.sty)
(/Users/xiaonili/Library/TinyTeX/texmf-dist/tex/latex/tools/longtable.sty)
(/Users/xiaonili/Library/TinyTeX/texmf-dist/tex/latex/tools/bm.sty)
(/Users/xiaonili/Library/TinyTeX/texmf-dist/tex/latex/base/alltt.sty)
(/Users/xiaonili/Library/TinyTeX/texmf-dist/tex/latex/tools/verbatim.sty)
(/Users/xiaonili/Library/TinyTeX/texmf-dist/tex/latex/url/url.sty)
(/Users/xiaonili/Library/TinyTeX/texmf-dist/tex/latex/base/textcomp.sty)
(/Users/xiaonili/Library/TinyTeX/texmf-dist/tex/latex/inconsolata/zi4.sty
`inconsolata-zi4' v1.12, 2019/05/17 Text macros for Inconsolata (msharpe)
(/Users/xiaonili/Library/TinyTeX/texmf-dist/tex/latex/xkeyval/xkeyval.sty
(/Users/xiaonili/Library/TinyTeX/texmf-dist/tex/generic/xkeyval/xkeyval.tex
(/Users/xiaonili/Library/TinyTeX/texmf-dist/tex/generic/xkeyval/xkvutils.tex
(/Users/xiaonili/Library/TinyTeX/texmf-dist/tex/generic/xkeyval/keyval.tex)))))
 (/Users/xiaonili/Library/TinyTeX/texmf-dist/tex/latex/graphics/color.sty
(/Users/xiaonili/Library/TinyTeX/texmf-dist/tex/latex/graphics-cfg/color.cfg)
(/Users/xiaonili/Library/TinyTeX/texmf-dist/tex/latex/graphics-def/pdftex.def))
 (/Users/xiaonili/Library/TinyTeX/texmf-dist/tex/latex/hyperref/hyperref.sty
(/Users/xiaonili/Library/TinyTeX/texmf-dist/tex/generic/ltxcmds/ltxcmds.sty)
(/Users/xiaonili/Library/TinyTeX/texmf-dist/tex/generic/iftex/iftex.sty)
(/Users/xiaonili/Library/TinyTeX/texmf-dist/tex/latex/pdftexcmds/pdftexcmds.sty

(/Users/xiaonili/Library/TinyTeX/texmf-dist/tex/generic/infwarerr/infwarerr.sty
))
(/Users/xiaonili/Library/TinyTeX/texmf-dist/tex/generic/kvsetkeys/kvsetkeys.sty
)
(/Users/xiaonili/Library/TinyTeX/texmf-dist/tex/generic/kvdefinekeys/kvdefineke
ys.sty)
(/Users/xiaonili/Library/TinyTeX/texmf-dist/tex/generic/pdfescape/pdfescape.sty
) (/Users/xiaonili/Library/TinyTeX/texmf-dist/tex/latex/hycolor/hycolor.sty)
(/Users/xiaonili/Library/TinyTeX/texmf-dist/tex/latex/letltxmacro/letltxmacro.s
ty) (/Users/xiaonili/Library/TinyTeX/texmf-dist/tex/latex/auxhook/auxhook.sty)
(/Users/xiaonili/Library/TinyTeX/texmf-dist/tex/latex/kvoptions/kvoptions.sty)
(/Users/xiaonili/Library/TinyTeX/texmf-dist/tex/latex/hyperref/pd1enc.def)
(/Users/xiaonili/Library/TinyTeX/texmf-dist/tex/generic/intcalc/intcalc.sty)
(/Users/xiaonili/Library/TinyTeX/texmf-dist/tex/generic/etexcmds/etexcmds.sty)
(/Users/xiaonili/Library/TinyTeX/texmf-dist/tex/generic/bitset/bitset.sty
(/Users/xiaonili/Library/TinyTeX/texmf-dist/tex/generic/bigintcalc/bigintcalc.s
ty))
(/Users/xiaonili/Library/TinyTeX/texmf-dist/tex/generic/atbegshi/atbegshi.sty))
(/Users/xiaonili/Library/TinyTeX/texmf-dist/tex/latex/hyperref/hpdftex.def
(/Users/xiaonili/Library/TinyTeX/texmf-dist/tex/latex/atveryend/atveryend.sty)
(/Users/xiaonili/Library/TinyTeX/texmf-dist/tex/latex/rerunfilecheck/rerunfilec
heck.sty
(/Users/xiaonili/Library/TinyTeX/texmf-dist/tex/generic/uniquecounter/uniquecou
nter.sty)))

Package hyperref Warning: Option `hyperindex' has already been used,
(hyperref)                setting the option has no effect on input line 377.


Package hyperref Warning: Option `pagebackref' has already been used,
(hyperref)                setting the option has no effect on input line 377.

) (/Users/xiaonili/Library/TinyTeX/texmf-dist/tex/latex/base/makeidx.sty)
(/Users/xiaonili/Library/TinyTeX/texmf-dist/tex/latex/base/inputenc.sty
(/Users/xiaonili/Library/TinyTeX/texmf-dist/tex/latex/base/latin1.def))
Writing index file Rd2.idx

(/Users/xiaonili/Library/TinyTeX/texmf-dist/tex/latex/l3backend/l3backend-pdfmo
de.def)
(/private/var/folders/6y/gk6jdqjs623698b4fpfdqjqm0000gn/T/RtmpIBMOEZ/Rd2pdf220c
641e28d8/Rd2.aux)
(/Users/xiaonili/Library/TinyTeX/texmf-dist/tex/latex/hyperref/nameref.sty
(/Users/xiaonili/Library/TinyTeX/texmf-dist/tex/latex/refcount/refcount.sty)
(/Users/xiaonili/Library/TinyTeX/texmf-dist/tex/generic/gettitlestring/gettitle
string.sty))
(/private/var/folders/6y/gk6jdqjs623698b4fpfdqjqm0000gn/T/RtmpIBMOEZ/Rd2pdf220c
641e28d8/Rd2.out)
(/private/var/folders/6y/gk6jdqjs623698b4fpfdqjqm0000gn/T/RtmpIBMOEZ/Rd2pdf220c
641e28d8/Rd2.out)
(/Users/xiaonili/Library/TinyTeX/texmf-dist/tex/latex/inconsolata/ot1zi4.fd)

LaTeX Font Warning: Font shape `OML/zi4/m/n' undefined
(Font)              using `OML/cmm/m/it' instead
(Font)              for symbol `textless' on input line 21.


(/private/var/folders/6y/gk6jdqjs623698b4fpfdqjqm0000gn/T/RtmpIBMOEZ/Rd2pdf220c
641e28d8/Rd2.toc)
(/Users/xiaonili/Library/TinyTeX/texmf-dist/tex/latex/base/utf8.def) [1{/Users/
xiaonili/Library/TinyTeX/texmf-var/fonts/map/pdftex/updmap/pdftex.map}]
Overfull \hbox (1.41006pt too wide) in paragraph at lines 94--94
 []  \OT1/zi4/m/n/10 method = c("holm", "hochberg", "hommel", "bonferroni", "BH
", "BY", "fdr", "none")[] 
[2] (/Users/xiaonili/Library/TinyTeX/texmf-dist/tex/latex/inconsolata/ts1zi4.fd
) [3] [4]
No file Rd2.ind.
[5]
(/private/var/folders/6y/gk6jdqjs623698b4fpfdqjqm0000gn/T/RtmpIBMOEZ/Rd2pdf220c
641e28d8/Rd2.aux)

LaTeX Font Warning: Some font shapes were not available, defaults substituted.

 )
(see the transcript file for additional information)pdfTeX warning (dest): name
{Rfn.boxplot} has been referenced but does not exist, replaced by a fixed one

pdfTeX warning (dest): name{Rfn.p.adjust} has been referenced but does not exis
t, replaced by a fixed one

pdfTeX warning (dest): name{Rfn.state.region} has been referenced but does not 
exist, replaced by a fixed one

{/Users/xiaonili/Library/TinyTeX/texmf-dist/fonts/enc/dvips/inconsolata/i4-ts1.
enc}{/Users/xiaonili/Library/TinyTeX/texmf-dist/fonts/enc/dvips/inconsolata/i4-
ot1-0.enc}</Users/xiaonili/Library/TinyTeX/texmf-dist/fonts/type1/public/incons
olata/Inconsolata-zi4r.pfb></Users/xiaonili/Library/TinyTeX/texmf-dist/fonts/ty
pe1/public/amsfonts/cm/cmbx10.pfb></Users/xiaonili/Library/TinyTeX/texmf-dist/f
onts/type1/public/amsfonts/cm/cmbx12.pfb></Users/xiaonili/Library/TinyTeX/texmf
-dist/fonts/type1/public/amsfonts/cm/cmmi10.pfb></Users/xiaonili/Library/TinyTe
X/texmf-dist/fonts/type1/public/amsfonts/cm/cmr10.pfb></Users/xiaonili/Library/
TinyTeX/texmf-dist/fonts/type1/public/amsfonts/cm/cmr12.pfb></Users/xiaonili/Li
brary/TinyTeX/texmf-dist/fonts/type1/public/amsfonts/cm/cmsl10.pfb></Users/xiao
nili/Library/TinyTeX/texmf-dist/fonts/type1/public/amsfonts/cm/cmss12.pfb></Use
rs/xiaonili/Library/TinyTeX/texmf-dist/fonts/type1/public/amsfonts/cm/cmti10.pf
b>
Output written on Rd2.pdf (5 pages, 127697 bytes).
Transcript written on Rd2.log.
This is makeindex, version 2.15 [TeX Live 2019] (kpathsea + Thai support).
Scanning input file Rd2.idx....done (14 entries accepted, 0 rejected).
Sorting entries....done (50 comparisons).
Generating output file Rd2.ind....done (36 lines written, 0 warnings).
Output written in Rd2.ind.
Transcript written in Rd2.ilg.
This is pdfTeX, Version 3.14159265-2.6-1.40.20 (TeX Live 2019) (preloaded format=pdflatex)
 restricted \write18 enabled.
entering extended mode
LaTeX2e <2020-02-02> patch level 5
L3 programming layer <2020-02-25>
(./Rd2.tex
(/Users/xiaonili/Library/TinyTeX/texmf-dist/tex/latex/base/book.cls
Document Class: book 2019/12/20 v1.4l Standard LaTeX document class
(/Users/xiaonili/Library/TinyTeX/texmf-dist/tex/latex/base/bk10.clo))
(/Library/Frameworks/R.framework/Resources/share/texmf/tex/latex/Rd.sty
(/Users/xiaonili/Library/TinyTeX/texmf-dist/tex/latex/base/ifthen.sty)
(/Users/xiaonili/Library/TinyTeX/texmf-dist/tex/latex/tools/longtable.sty)
(/Users/xiaonili/Library/TinyTeX/texmf-dist/tex/latex/tools/bm.sty)
(/Users/xiaonili/Library/TinyTeX/texmf-dist/tex/latex/base/alltt.sty)
(/Users/xiaonili/Library/TinyTeX/texmf-dist/tex/latex/tools/verbatim.sty)
(/Users/xiaonili/Library/TinyTeX/texmf-dist/tex/latex/url/url.sty)
(/Users/xiaonili/Library/TinyTeX/texmf-dist/tex/latex/base/textcomp.sty)
(/Users/xiaonili/Library/TinyTeX/texmf-dist/tex/latex/inconsolata/zi4.sty
`inconsolata-zi4' v1.12, 2019/05/17 Text macros for Inconsolata (msharpe)
(/Users/xiaonili/Library/TinyTeX/texmf-dist/tex/latex/xkeyval/xkeyval.sty
(/Users/xiaonili/Library/TinyTeX/texmf-dist/tex/generic/xkeyval/xkeyval.tex
(/Users/xiaonili/Library/TinyTeX/texmf-dist/tex/generic/xkeyval/xkvutils.tex
(/Users/xiaonili/Library/TinyTeX/texmf-dist/tex/generic/xkeyval/keyval.tex)))))
 (/Users/xiaonili/Library/TinyTeX/texmf-dist/tex/latex/graphics/color.sty
(/Users/xiaonili/Library/TinyTeX/texmf-dist/tex/latex/graphics-cfg/color.cfg)
(/Users/xiaonili/Library/TinyTeX/texmf-dist/tex/latex/graphics-def/pdftex.def))
 (/Users/xiaonili/Library/TinyTeX/texmf-dist/tex/latex/hyperref/hyperref.sty
(/Users/xiaonili/Library/TinyTeX/texmf-dist/tex/generic/ltxcmds/ltxcmds.sty)
(/Users/xiaonili/Library/TinyTeX/texmf-dist/tex/generic/iftex/iftex.sty)
(/Users/xiaonili/Library/TinyTeX/texmf-dist/tex/latex/pdftexcmds/pdftexcmds.sty

(/Users/xiaonili/Library/TinyTeX/texmf-dist/tex/generic/infwarerr/infwarerr.sty
))
(/Users/xiaonili/Library/TinyTeX/texmf-dist/tex/generic/kvsetkeys/kvsetkeys.sty
)
(/Users/xiaonili/Library/TinyTeX/texmf-dist/tex/generic/kvdefinekeys/kvdefineke
ys.sty)
(/Users/xiaonili/Library/TinyTeX/texmf-dist/tex/generic/pdfescape/pdfescape.sty
) (/Users/xiaonili/Library/TinyTeX/texmf-dist/tex/latex/hycolor/hycolor.sty)
(/Users/xiaonili/Library/TinyTeX/texmf-dist/tex/latex/letltxmacro/letltxmacro.s
ty) (/Users/xiaonili/Library/TinyTeX/texmf-dist/tex/latex/auxhook/auxhook.sty)
(/Users/xiaonili/Library/TinyTeX/texmf-dist/tex/latex/kvoptions/kvoptions.sty)
(/Users/xiaonili/Library/TinyTeX/texmf-dist/tex/latex/hyperref/pd1enc.def)
(/Users/xiaonili/Library/TinyTeX/texmf-dist/tex/generic/intcalc/intcalc.sty)
(/Users/xiaonili/Library/TinyTeX/texmf-dist/tex/generic/etexcmds/etexcmds.sty)
(/Users/xiaonili/Library/TinyTeX/texmf-dist/tex/generic/bitset/bitset.sty
(/Users/xiaonili/Library/TinyTeX/texmf-dist/tex/generic/bigintcalc/bigintcalc.s
ty))
(/Users/xiaonili/Library/TinyTeX/texmf-dist/tex/generic/atbegshi/atbegshi.sty))
(/Users/xiaonili/Library/TinyTeX/texmf-dist/tex/latex/hyperref/hpdftex.def
(/Users/xiaonili/Library/TinyTeX/texmf-dist/tex/latex/atveryend/atveryend.sty)
(/Users/xiaonili/Library/TinyTeX/texmf-dist/tex/latex/rerunfilecheck/rerunfilec
heck.sty
(/Users/xiaonili/Library/TinyTeX/texmf-dist/tex/generic/uniquecounter/uniquecou
nter.sty)))

Package hyperref Warning: Option `hyperindex' has already been used,
(hyperref)                setting the option has no effect on input line 377.


Package hyperref Warning: Option `pagebackref' has already been used,
(hyperref)                setting the option has no effect on input line 377.

) (/Users/xiaonili/Library/TinyTeX/texmf-dist/tex/latex/base/makeidx.sty)
(/Users/xiaonili/Library/TinyTeX/texmf-dist/tex/latex/base/inputenc.sty
(/Users/xiaonili/Library/TinyTeX/texmf-dist/tex/latex/base/latin1.def))
Writing index file Rd2.idx

(/Users/xiaonili/Library/TinyTeX/texmf-dist/tex/latex/l3backend/l3backend-pdfmo
de.def)
(/private/var/folders/6y/gk6jdqjs623698b4fpfdqjqm0000gn/T/RtmpIBMOEZ/Rd2pdf220c
641e28d8/Rd2.aux)
(/Users/xiaonili/Library/TinyTeX/texmf-dist/tex/latex/hyperref/nameref.sty
(/Users/xiaonili/Library/TinyTeX/texmf-dist/tex/latex/refcount/refcount.sty)
(/Users/xiaonili/Library/TinyTeX/texmf-dist/tex/generic/gettitlestring/gettitle
string.sty))
(/private/var/folders/6y/gk6jdqjs623698b4fpfdqjqm0000gn/T/RtmpIBMOEZ/Rd2pdf220c
641e28d8/Rd2.out)
(/private/var/folders/6y/gk6jdqjs623698b4fpfdqjqm0000gn/T/RtmpIBMOEZ/Rd2pdf220c
641e28d8/Rd2.out)
(/Users/xiaonili/Library/TinyTeX/texmf-dist/tex/latex/inconsolata/ot1zi4.fd)

LaTeX Font Warning: Font shape `OML/zi4/m/n' undefined
(Font)              using `OML/cmm/m/it' instead
(Font)              for symbol `textless' on input line 21.


(/private/var/folders/6y/gk6jdqjs623698b4fpfdqjqm0000gn/T/RtmpIBMOEZ/Rd2pdf220c
641e28d8/Rd2.toc)
(/Users/xiaonili/Library/TinyTeX/texmf-dist/tex/latex/base/utf8.def) [1{/Users/
xiaonili/Library/TinyTeX/texmf-var/fonts/map/pdftex/updmap/pdftex.map}]
Overfull \hbox (1.41006pt too wide) in paragraph at lines 94--94
 []  \OT1/zi4/m/n/10 method = c("holm", "hochberg", "hommel", "bonferroni", "BH
", "BY", "fdr", "none")[] 
[2] (/Users/xiaonili/Library/TinyTeX/texmf-dist/tex/latex/inconsolata/ts1zi4.fd
) [3] [4]
(/private/var/folders/6y/gk6jdqjs623698b4fpfdqjqm0000gn/T/RtmpIBMOEZ/Rd2pdf220c
641e28d8/Rd2.ind [5]

LaTeX Font Warning: Font shape `OT1/zi4/m/it' undefined
(Font)              using `OT1/zi4/m/n' instead on input line 16.

[6])
(/private/var/folders/6y/gk6jdqjs623698b4fpfdqjqm0000gn/T/RtmpIBMOEZ/Rd2pdf220c
641e28d8/Rd2.aux)

Package rerunfilecheck Warning: File `Rd2.out' has changed.
(rerunfilecheck)                Rerun to get outlines right
(rerunfilecheck)                or use package `bookmark'.


LaTeX Font Warning: Some font shapes were not available, defaults substituted.

 )
(see the transcript file for additional information)pdfTeX warning (dest): name
{Rfn.boxplot} has been referenced but does not exist, replaced by a fixed one

pdfTeX warning (dest): name{Rfn.p.adjust} has been referenced but does not exis
t, replaced by a fixed one

pdfTeX warning (dest): name{Rfn.state.region} has been referenced but does not 
exist, replaced by a fixed one

{/Users/xiaonili/Library/TinyTeX/texmf-dist/fonts/enc/dvips/inconsolata/i4-ts1.
enc}{/Users/xiaonili/Library/TinyTeX/texmf-dist/fonts/enc/dvips/inconsolata/i4-
ot1-0.enc}</Users/xiaonili/Library/TinyTeX/texmf-dist/fonts/type1/public/incons
olata/Inconsolata-zi4r.pfb></Users/xiaonili/Library/TinyTeX/texmf-dist/fonts/ty
pe1/public/amsfonts/cm/cmbx10.pfb></Users/xiaonili/Library/TinyTeX/texmf-dist/f
onts/type1/public/amsfonts/cm/cmbx12.pfb></Users/xiaonili/Library/TinyTeX/texmf
-dist/fonts/type1/public/amsfonts/cm/cmmi10.pfb></Users/xiaonili/Library/TinyTe
X/texmf-dist/fonts/type1/public/amsfonts/cm/cmr10.pfb></Users/xiaonili/Library/
TinyTeX/texmf-dist/fonts/type1/public/amsfonts/cm/cmr12.pfb></Users/xiaonili/Li
brary/TinyTeX/texmf-dist/fonts/type1/public/amsfonts/cm/cmsl10.pfb></Users/xiao
nili/Library/TinyTeX/texmf-dist/fonts/type1/public/amsfonts/cm/cmss12.pfb></Use
rs/xiaonili/Library/TinyTeX/texmf-dist/fonts/type1/public/amsfonts/cm/cmsy10.pf
b></Users/xiaonili/Library/TinyTeX/texmf-dist/fonts/type1/public/amsfonts/cm/cm
ti10.pfb>
Output written on Rd2.pdf (6 pages, 137871 bytes).
Transcript written on Rd2.log.
This is makeindex, version 2.15 [TeX Live 2019] (kpathsea + Thai support).
Scanning input file Rd2.idx....done (14 entries accepted, 0 rejected).
Sorting entries....done (50 comparisons).
Generating output file Rd2.ind....done (36 lines written, 0 warnings).
Output written in Rd2.ind.
Transcript written in Rd2.ilg.
This is pdfTeX, Version 3.14159265-2.6-1.40.20 (TeX Live 2019) (preloaded format=pdflatex)
 restricted \write18 enabled.
entering extended mode
LaTeX2e <2020-02-02> patch level 5
L3 programming layer <2020-02-25>
(./Rd2.tex
(/Users/xiaonili/Library/TinyTeX/texmf-dist/tex/latex/base/book.cls
Document Class: book 2019/12/20 v1.4l Standard LaTeX document class
(/Users/xiaonili/Library/TinyTeX/texmf-dist/tex/latex/base/bk10.clo))
(/Library/Frameworks/R.framework/Resources/share/texmf/tex/latex/Rd.sty
(/Users/xiaonili/Library/TinyTeX/texmf-dist/tex/latex/base/ifthen.sty)
(/Users/xiaonili/Library/TinyTeX/texmf-dist/tex/latex/tools/longtable.sty)
(/Users/xiaonili/Library/TinyTeX/texmf-dist/tex/latex/tools/bm.sty)
(/Users/xiaonili/Library/TinyTeX/texmf-dist/tex/latex/base/alltt.sty)
(/Users/xiaonili/Library/TinyTeX/texmf-dist/tex/latex/tools/verbatim.sty)
(/Users/xiaonili/Library/TinyTeX/texmf-dist/tex/latex/url/url.sty)
(/Users/xiaonili/Library/TinyTeX/texmf-dist/tex/latex/base/textcomp.sty)
(/Users/xiaonili/Library/TinyTeX/texmf-dist/tex/latex/inconsolata/zi4.sty
`inconsolata-zi4' v1.12, 2019/05/17 Text macros for Inconsolata (msharpe)
(/Users/xiaonili/Library/TinyTeX/texmf-dist/tex/latex/xkeyval/xkeyval.sty
(/Users/xiaonili/Library/TinyTeX/texmf-dist/tex/generic/xkeyval/xkeyval.tex
(/Users/xiaonili/Library/TinyTeX/texmf-dist/tex/generic/xkeyval/xkvutils.tex
(/Users/xiaonili/Library/TinyTeX/texmf-dist/tex/generic/xkeyval/keyval.tex)))))
 (/Users/xiaonili/Library/TinyTeX/texmf-dist/tex/latex/graphics/color.sty
(/Users/xiaonili/Library/TinyTeX/texmf-dist/tex/latex/graphics-cfg/color.cfg)
(/Users/xiaonili/Library/TinyTeX/texmf-dist/tex/latex/graphics-def/pdftex.def))
 (/Users/xiaonili/Library/TinyTeX/texmf-dist/tex/latex/hyperref/hyperref.sty
(/Users/xiaonili/Library/TinyTeX/texmf-dist/tex/generic/ltxcmds/ltxcmds.sty)
(/Users/xiaonili/Library/TinyTeX/texmf-dist/tex/generic/iftex/iftex.sty)
(/Users/xiaonili/Library/TinyTeX/texmf-dist/tex/latex/pdftexcmds/pdftexcmds.sty

(/Users/xiaonili/Library/TinyTeX/texmf-dist/tex/generic/infwarerr/infwarerr.sty
))
(/Users/xiaonili/Library/TinyTeX/texmf-dist/tex/generic/kvsetkeys/kvsetkeys.sty
)
(/Users/xiaonili/Library/TinyTeX/texmf-dist/tex/generic/kvdefinekeys/kvdefineke
ys.sty)
(/Users/xiaonili/Library/TinyTeX/texmf-dist/tex/generic/pdfescape/pdfescape.sty
) (/Users/xiaonili/Library/TinyTeX/texmf-dist/tex/latex/hycolor/hycolor.sty)
(/Users/xiaonili/Library/TinyTeX/texmf-dist/tex/latex/letltxmacro/letltxmacro.s
ty) (/Users/xiaonili/Library/TinyTeX/texmf-dist/tex/latex/auxhook/auxhook.sty)
(/Users/xiaonili/Library/TinyTeX/texmf-dist/tex/latex/kvoptions/kvoptions.sty)
(/Users/xiaonili/Library/TinyTeX/texmf-dist/tex/latex/hyperref/pd1enc.def)
(/Users/xiaonili/Library/TinyTeX/texmf-dist/tex/generic/intcalc/intcalc.sty)
(/Users/xiaonili/Library/TinyTeX/texmf-dist/tex/generic/etexcmds/etexcmds.sty)
(/Users/xiaonili/Library/TinyTeX/texmf-dist/tex/generic/bitset/bitset.sty
(/Users/xiaonili/Library/TinyTeX/texmf-dist/tex/generic/bigintcalc/bigintcalc.s
ty))
(/Users/xiaonili/Library/TinyTeX/texmf-dist/tex/generic/atbegshi/atbegshi.sty))
(/Users/xiaonili/Library/TinyTeX/texmf-dist/tex/latex/hyperref/hpdftex.def
(/Users/xiaonili/Library/TinyTeX/texmf-dist/tex/latex/atveryend/atveryend.sty)
(/Users/xiaonili/Library/TinyTeX/texmf-dist/tex/latex/rerunfilecheck/rerunfilec
heck.sty
(/Users/xiaonili/Library/TinyTeX/texmf-dist/tex/generic/uniquecounter/uniquecou
nter.sty)))

Package hyperref Warning: Option `hyperindex' has already been used,
(hyperref)                setting the option has no effect on input line 377.


Package hyperref Warning: Option `pagebackref' has already been used,
(hyperref)                setting the option has no effect on input line 377.

) (/Users/xiaonili/Library/TinyTeX/texmf-dist/tex/latex/base/makeidx.sty)
(/Users/xiaonili/Library/TinyTeX/texmf-dist/tex/latex/base/inputenc.sty
(/Users/xiaonili/Library/TinyTeX/texmf-dist/tex/latex/base/latin1.def))
Writing index file Rd2.idx

(/Users/xiaonili/Library/TinyTeX/texmf-dist/tex/latex/l3backend/l3backend-pdfmo
de.def)
(/private/var/folders/6y/gk6jdqjs623698b4fpfdqjqm0000gn/T/RtmpIBMOEZ/Rd2pdf220c
641e28d8/Rd2.aux)
(/Users/xiaonili/Library/TinyTeX/texmf-dist/tex/latex/hyperref/nameref.sty
(/Users/xiaonili/Library/TinyTeX/texmf-dist/tex/latex/refcount/refcount.sty)
(/Users/xiaonili/Library/TinyTeX/texmf-dist/tex/generic/gettitlestring/gettitle
string.sty))
(/private/var/folders/6y/gk6jdqjs623698b4fpfdqjqm0000gn/T/RtmpIBMOEZ/Rd2pdf220c
641e28d8/Rd2.out)
(/private/var/folders/6y/gk6jdqjs623698b4fpfdqjqm0000gn/T/RtmpIBMOEZ/Rd2pdf220c
641e28d8/Rd2.out)
(/Users/xiaonili/Library/TinyTeX/texmf-dist/tex/latex/inconsolata/ot1zi4.fd)

LaTeX Font Warning: Font shape `OML/zi4/m/n' undefined
(Font)              using `OML/cmm/m/it' instead
(Font)              for symbol `textless' on input line 21.


(/private/var/folders/6y/gk6jdqjs623698b4fpfdqjqm0000gn/T/RtmpIBMOEZ/Rd2pdf220c
641e28d8/Rd2.toc)
(/Users/xiaonili/Library/TinyTeX/texmf-dist/tex/latex/base/utf8.def) [1{/Users/
xiaonili/Library/TinyTeX/texmf-var/fonts/map/pdftex/updmap/pdftex.map}]
Overfull \hbox (1.41006pt too wide) in paragraph at lines 94--94
 []  \OT1/zi4/m/n/10 method = c("holm", "hochberg", "hommel", "bonferroni", "BH
", "BY", "fdr", "none")[] 
[2] (/Users/xiaonili/Library/TinyTeX/texmf-dist/tex/latex/inconsolata/ts1zi4.fd
) [3] [4]
(/private/var/folders/6y/gk6jdqjs623698b4fpfdqjqm0000gn/T/RtmpIBMOEZ/Rd2pdf220c
641e28d8/Rd2.ind [5]

LaTeX Font Warning: Font shape `OT1/zi4/m/it' undefined
(Font)              using `OT1/zi4/m/n' instead on input line 16.

[6])
(/private/var/folders/6y/gk6jdqjs623698b4fpfdqjqm0000gn/T/RtmpIBMOEZ/Rd2pdf220c
641e28d8/Rd2.aux)

LaTeX Font Warning: Some font shapes were not available, defaults substituted.

 )
(see the transcript file for additional information)pdfTeX warning (dest): name
{Rfn.boxplot} has been referenced but does not exist, replaced by a fixed one

pdfTeX warning (dest): name{Rfn.p.adjust} has been referenced but does not exis
t, replaced by a fixed one

pdfTeX warning (dest): name{Rfn.state.region} has been referenced but does not 
exist, replaced by a fixed one

{/Users/xiaonili/Library/TinyTeX/texmf-dist/fonts/enc/dvips/inconsolata/i4-ts1.
enc}{/Users/xiaonili/Library/TinyTeX/texmf-dist/fonts/enc/dvips/inconsolata/i4-
ot1-0.enc}</Users/xiaonili/Library/TinyTeX/texmf-dist/fonts/type1/public/incons
olata/Inconsolata-zi4r.pfb></Users/xiaonili/Library/TinyTeX/texmf-dist/fonts/ty
pe1/public/amsfonts/cm/cmbx10.pfb></Users/xiaonili/Library/TinyTeX/texmf-dist/f
onts/type1/public/amsfonts/cm/cmbx12.pfb></Users/xiaonili/Library/TinyTeX/texmf
-dist/fonts/type1/public/amsfonts/cm/cmmi10.pfb></Users/xiaonili/Library/TinyTe
X/texmf-dist/fonts/type1/public/amsfonts/cm/cmr10.pfb></Users/xiaonili/Library/
TinyTeX/texmf-dist/fonts/type1/public/amsfonts/cm/cmr12.pfb></Users/xiaonili/Li
brary/TinyTeX/texmf-dist/fonts/type1/public/amsfonts/cm/cmsl10.pfb></Users/xiao
nili/Library/TinyTeX/texmf-dist/fonts/type1/public/amsfonts/cm/cmss12.pfb></Use
rs/xiaonili/Library/TinyTeX/texmf-dist/fonts/type1/public/amsfonts/cm/cmsy10.pf
b></Users/xiaonili/Library/TinyTeX/texmf-dist/fonts/type1/public/amsfonts/cm/cm
ti10.pfb>
Output written on Rd2.pdf (6 pages, 138367 bytes).
Transcript written on Rd2.log.
Saving output to ‘npar-manual.pdf’ ...
Done
You may want to clean up by 'rm -Rf /var/folders/6y/gk6jdqjs623698b4fpfdqjqm0000gn/T//RtmpIBMOEZ/Rd2pdf220c641e28d8'
