* using log directory ‘/Users/xiaonili/npar.Rcheck’
* using R version 4.0.2 (2020-06-22)
* using platform: x86_64-apple-darwin17.0 (64-bit)
* using session charset: UTF-8
* checking for file ‘npar/DESCRIPTION’ ... OK
* checking extension type ... Package
* this is package ‘npar’ version ‘1.0’
* checking package namespace information ... OK
* checking package dependencies ... OK
* checking if this is a source package ... OK
* checking if there is a namespace ... OK
* checking for executable files ... OK
* checking for hidden files and directories ... NOTE
Found the following hidden files and directories:
  .DS_Store
  data/.DS_Store
These were most likely included in error. See section ‘Package
structure’ in the ‘Writing R Extensions’ manual.
* checking for portable file names ... OK
* checking for sufficient/correct file permissions ... OK
* checking whether package ‘npar’ can be installed ... OK
* checking installed package size ... OK
* checking package directory ... OK
* checking DESCRIPTION meta-information ... NOTE
Checking should be performed on sources prepared by ‘R CMD build’.
* checking top-level files ... OK
* checking for left-over files ... OK
* checking index information ... OK
* checking package subdirectories ... OK
* checking R files for non-ASCII characters ... OK
* checking R files for syntax errors ... OK
* checking whether the package can be loaded ... OK
* checking whether the package can be loaded with stated dependencies ... OK
* checking whether the package can be unloaded cleanly ... OK
* checking whether the namespace can be loaded with stated dependencies ... OK
* checking whether the namespace can be unloaded cleanly ... OK
* checking loading without being on the library search path ... OK
* checking dependencies in R code ... OK
* checking S3 generic/method consistency ... OK
* checking replacement functions ... OK
* checking foreign function calls ... OK
* checking R code for possible problems ... NOTE
oneway: no visible global function definition for ‘model.frame’
oneway: no visible global function definition for ‘reorder’
oneway: no visible binding for global variable ‘median’
oneway : getstats: no visible global function definition for ‘median’
oneway : getstats: no visible global function definition for ‘mad’
oneway: no visible global function definition for ‘aggregate’
oneway: no visible global function definition for ‘kruskal.test’
oneway: no visible global function definition for ‘wilcox.test’
oneway: no visible global function definition for ‘p.adjust’
plot.oneway: no visible global function definition for ‘par’
plot.oneway: no visible global function definition for ‘boxplot’
plot.oneway: no visible global function definition for ‘abline’
plot.oneway: no visible global function definition for ‘median’
plot.oneway: no visible global function definition for ‘axis’
Undefined global functions or variables:
  abline aggregate axis boxplot kruskal.test mad median model.frame
  p.adjust par reorder wilcox.test
Consider adding
  importFrom("graphics", "abline", "axis", "boxplot", "par")
  importFrom("stats", "aggregate", "kruskal.test", "mad", "median",
             "model.frame", "p.adjust", "reorder", "wilcox.test")
to your NAMESPACE file.
* checking Rd files ... OK
* checking Rd metadata ... OK
* checking Rd cross-references ... OK
* checking for missing documentation entries ... OK
* checking for code/documentation mismatches ... OK
* checking Rd \usage sections ... OK
* checking Rd contents ... OK
* checking for unstated dependencies in examples ... OK
* checking contents of ‘data’ directory ... OK
* checking data for non-ASCII characters ... OK
* checking data for ASCII and uncompressed saves ... OK
* checking examples ... OK
* checking PDF version of manual ... OK
* DONE
Status: 3 NOTEs
